/scratch/users/ahirsch1/chromo_scratch/chromo/chromo/run_simulation.py:41: FutureWarning: The frame.append method is deprecated and will be removed from pandas in a future version. Use pandas.concat instead.
  binders = chromo.binders.make_binder_collection([null_binder]) # gets relevant binder information from binder specified
Directory containing the notebook:
/scratch/users/ahirsch1/chromo_scratch/chromo/chromo
Root Directory of Package: 
/scratch/users/ahirsch1/chromo_scratch
No states defined.
No chemical modifications defined.
100.0
Save point 0 completed
100.0
Save point 1 completed
100.0
Save point 2 completed
100.0
Save point 3 completed
100.0
Save point 4 completed
100.0
Save point 5 completed
100.0
Save point 6 completed
100.0
Save point 7 completed
100.0
Save point 8 completed
100.0
Save point 9 completed
100.0
Save point 10 completed
100.0
Save point 11 completed
100.0
Save point 12 completed
100.0
Save point 13 completed
100.0
Save point 14 completed
100.0
Save point 15 completed
100.0
Save point 16 completed
100.0
Save point 17 completed
100.0
Save point 18 completed
100.0
Save point 19 completed
100.0
Save point 20 completed
100.0
Save point 21 completed
100.0
Save point 22 completed
100.0
Save point 23 completed
100.0
Save point 24 completed
100.0
Save point 25 completed
100.0
Save point 26 completed
100.0
Save point 27 completed
100.0
Save point 28 completed
100.0
Save point 29 completed
100.0
Save point 30 completed
100.0
Save point 31 completed
100.0
Save point 32 completed
100.0
Save point 33 completed
100.0
Save point 34 completed
100.0
Save point 35 completed
100.0
Save point 36 completed
100.0
Save point 37 completed
100.0
Save point 38 completed
100.0
Save point 39 completed
100.0
Save point 40 completed
100.0
Save point 41 completed
100.0
Save point 42 completed
100.0
Save point 43 completed
100.0
Save point 44 completed
100.0
Save point 45 completed
100.0
Save point 46 completed
100.0
Save point 47 completed
100.0
Save point 48 completed
100.0
Save point 49 completed
100.0
Save point 50 completed
100.0
Save point 51 completed
100.0
Save point 52 completed
100.0
Save point 53 completed
100.0
Save point 54 completed
100.0
Save point 55 completed
100.0
Save point 56 completed
100.0
Save point 57 completed
100.0
Save point 58 completed
100.0
Save point 59 completed
100.0
Save point 60 completed
100.0
Save point 61 completed
100.0
Save point 62 completed
100.0
Save point 63 completed
100.0
Save point 64 completed
100.0
Save point 65 completed
100.0
Save point 66 completed
100.0
Save point 67 completed
100.0
Save point 68 completed
100.0
Save point 69 completed
100.0
Save point 70 completed
100.0
Save point 71 completed
100.0
Save point 72 completed
100.0
Save point 73 completed
100.0
Save point 74 completed
100.0
Save point 75 completed
100.0
Save point 76 completed
100.0
Save point 77 completed
100.0
Save point 78 completed
100.0
Save point 79 completed
100.0
Save point 80 completed
100.0
Save point 81 completed
100.0
Save point 82 completed
100.0
Save point 83 completed
100.0
Save point 84 completed
100.0
Save point 85 completed
100.0
Save point 86 completed
100.0
Save point 87 completed
100.0
Save point 88 completed
100.0
Save point 89 completed
100.0
Save point 90 completed
100.0
Save point 91 completed
100.0
Save point 92 completed
100.0
Save point 93 completed
100.0
Save point 94 completed
100.0
Save point 95 completed
100.0
Save point 96 completed
100.0
Save point 97 completed
100.0
Save point 98 completed
100.0
Save point 99 completed
100.0
Save point 100 completed
100.0
Save point 101 completed
100.0
Save point 102 completed
100.0
Save point 103 completed
100.0
Save point 104 completed
100.0
Save point 105 completed
100.0
Save point 106 completed
100.0
Save point 107 completed
100.0
Save point 108 completed
100.0
Save point 109 completed
100.0
Save point 110 completed
100.0
Save point 111 completed
100.0
Save point 112 completed
100.0
Save point 113 completed
100.0
Save point 114 completed
100.0
Save point 115 completed
100.0
Save point 116 completed
100.0
Save point 117 completed
100.0
Save point 118 completed
100.0
Save point 119 completed
100.0
Save point 120 completed
100.0
Save point 121 completed
100.0
Save point 122 completed
100.0
Save point 123 completed
100.0
Save point 124 completed
100.0
Save point 125 completed
100.0
Save point 126 completed
100.0
Save point 127 completed
100.0
Save point 128 completed
100.0
Save point 129 completed
100.0
Save point 130 completed
100.0
Save point 131 completed
100.0
Save point 132 completed
100.0
Save point 133 completed
100.0
Save point 134 completed
100.0
Save point 135 completed
100.0
Save point 136 completed
100.0
Save point 137 completed
100.0
Save point 138 completed
100.0
Save point 139 completed
100.0
Save point 140 completed
100.0
Save point 141 completed
100.0
Save point 142 completed
100.0
Save point 143 completed
100.0
Save point 144 completed
100.0
Save point 145 completed
100.0
Save point 146 completed
100.0
Save point 147 completed
100.0
Save point 148 completed
100.0
Save point 149 completed
100.0
Save point 150 completed
100.0
Save point 151 completed
100.0
Save point 152 completed
100.0
Save point 153 completed
100.0
Save point 154 completed
100.0
Save point 155 completed
100.0
Save point 156 completed
100.0
Save point 157 completed
100.0
Save point 158 completed
100.0
Save point 159 completed
100.0
Save point 160 completed
100.0
Save point 161 completed
100.0
Save point 162 completed
100.0
Save point 163 completed
100.0
Save point 164 completed
100.0
Save point 165 completed
100.0
Save point 166 completed
100.0
Save point 167 completed
100.0
Save point 168 completed
100.0
Save point 169 completed
100.0
Save point 170 completed
100.0
Save point 171 completed
100.0
Save point 172 completed
100.0
Save point 173 completed
100.0
Save point 174 completed
100.0
Save point 175 completed
100.0
Save point 176 completed
100.0
Save point 177 completed
100.0
Save point 178 completed
100.0
Save point 179 completed
100.0
Save point 180 completed
100.0
Save point 181 completed
100.0
Save point 182 completed
100.0
Save point 183 completed
100.0
Save point 184 completed
100.0
Save point 185 completed
100.0
Save point 186 completed
100.0
Save point 187 completed
100.0
Save point 188 completed
100.0
Save point 189 completed
100.0
Save point 190 completed
100.0
Save point 191 completed
100.0
Save point 192 completed
100.0
Save point 193 completed
100.0
Save point 194 completed
100.0
Save point 195 completed
100.0
Save point 196 completed
100.0
Save point 197 completed
100.0
Save point 198 completed
100.0
Save point 199 completed
update log path output/sim_19
Simulation Runtime (in seconds):  39546.65
Job complete
