/var/spool/slurmd/job30646642/slurm_script: line 2: --job-name=chromo: command not found
/home/users/ahirsch1/Chromo_Github/chromo/chromo/run_simulation.py:41: FutureWarning: The frame.append method is deprecated and will be removed from pandas in a future version. Use pandas.concat instead.
  binders = chromo.binders.make_binder_collection([null_binder]) # gets relevant binder information from binder specified
Directory containing the notebook:
/home/users/ahirsch1/Chromo_Github/chromo/chromo
Root Directory of Package: 
/home/users/ahirsch1/Chromo_Github
No states defined.
No chemical modifications defined.
[10.          6.66666667 10.          6.66666667 10.          6.66666667
 10.          6.66666667 10.          6.66666667 10.          6.66666667
 10.          6.66666667 10.          6.66666667 10.          6.66666667
 10.          6.66666667 10.          6.66666667 10.          6.66666667
 10.          6.66666667 10.          6.66666667 10.          6.66666667
 10.          6.66666667 10.          6.66666667 10.          6.66666667
 10.          6.66666667 10.          6.66666667 10.          6.66666667
 10.          6.66666667 10.          6.66666667 10.          6.66666667
 10.          6.66666667 10.          6.66666667 10.          6.66666667
 10.          6.66666667 10.          6.66666667 10.          6.66666667
 10.          6.66666667 10.          6.66666667 10.          6.66666667
 10.          6.66666667 10.          6.66666667 10.          6.66666667
 10.          6.66666667 10.          6.66666667 10.          6.66666667
 10.          6.66666667 10.          6.66666667 10.          6.66666667
 10.          6.66666667 10.          6.66666667 10.          6.66666667
 10.          6.66666667 10.          6.66666667 10.          6.66666667
 10.          6.66666667 10.          6.66666667 10.          6.66666667
 10.          6.66666667 10.          6.66666667 10.          6.66666667
 10.          6.66666667 10.          6.66666667 10.          6.66666667
 10.          6.66666667 10.          6.66666667 10.          6.66666667
 10.          6.66666667 10.          6.66666667 10.          6.66666667
 10.          6.66666667 10.          6.66666667 10.          6.66666667
 10.          6.66666667 10.          6.66666667 10.          6.66666667
 10.          6.66666667 10.          6.66666667 10.          6.66666667
 10.          6.66666667 10.          6.66666667 10.          6.66666667
 10.          6.66666667 10.          6.66666667 10.          6.66666667
 10.          6.66666667 10.          6.66666667 10.          6.66666667
 10.          6.66666667 10.          6.66666667 10.          6.66666667
 10.          6.66666667 10.          6.66666667 10.          6.66666667
 10.          6.66666667 10.          6.66666667 10.          6.66666667
 10.          6.66666667 10.          6.66666667 10.          6.66666667
 10.          6.66666667 10.          6.66666667 10.          6.66666667
 10.          6.66666667 10.          6.66666667 10.          6.66666667
 10.          6.66666667 10.          6.66666667 10.          6.66666667
 10.          6.66666667 10.          6.66666667 10.          6.66666667
 10.          6.66666667 10.          6.66666667 10.          6.66666667
 10.          6.66666667 10.          6.66666667 10.          6.66666667
 10.          6.66666667 10.          6.66666667 10.          6.66666667
 10.          6.66666667 10.          6.66666667 10.          6.66666667
 10.          6.66666667 10.          6.66666667 10.          6.66666667
 10.          6.66666667 10.          6.66666667 10.          6.66666667
 10.          6.66666667 10.          6.66666667 10.          6.66666667
 10.          6.66666667 10.          6.66666667 10.          6.66666667
 10.          6.66666667 10.          6.66666667 10.          6.66666667
 10.          6.66666667 10.          6.66666667 10.          6.66666667
 10.          6.66666667 10.          6.66666667 10.          6.66666667
 10.          6.66666667 10.          6.66666667 10.          6.66666667
 10.          6.66666667 10.          6.66666667 10.          6.66666667
 10.          6.66666667 10.          6.66666667 10.          6.66666667
 10.          6.66666667 10.          6.66666667 10.          6.66666667
 10.          6.66666667 10.          6.66666667 10.          6.66666667
 10.          6.66666667 10.          6.66666667 10.          6.66666667
 10.          6.66666667 10.          6.66666667 10.          6.66666667
 10.          6.66666667 10.          6.66666667 10.          6.66666667
 10.          6.66666667 10.          6.66666667 10.          6.66666667
 10.          6.66666667 10.          6.66666667 10.          6.66666667
 10.          6.66666667 10.          6.66666667 10.          6.66666667
 10.          6.66666667 10.          6.66666667 10.          6.66666667
 10.          6.66666667 10.          6.66666667 10.          6.66666667
 10.          6.66666667 10.          6.66666667 10.          6.66666667
 10.          6.66666667 10.          6.66666667 10.          6.66666667
 10.          6.66666667 10.          6.66666667 10.          6.66666667
 10.          6.66666667 10.          6.66666667 10.          6.66666667
 10.          6.66666667 10.          6.66666667 10.          6.66666667
 10.          6.66666667 10.          6.66666667 10.          6.66666667
 10.          6.66666667 10.          6.66666667 10.          6.66666667
 10.          6.66666667 10.          6.66666667 10.          6.66666667
 10.          6.66666667 10.          6.66666667 10.          6.66666667
 10.          6.66666667 10.          6.66666667 10.          6.66666667
 10.          6.66666667 10.          6.66666667 10.          6.66666667
 10.          6.66666667 10.          6.66666667 10.          6.66666667
 10.          6.66666667 10.          6.66666667 10.          6.66666667
 10.          6.66666667 10.          6.66666667 10.          6.66666667
 10.          6.66666667 10.          6.66666667 10.          6.66666667
 10.          6.66666667 10.          6.66666667 10.          6.66666667
 10.          6.66666667 10.          6.66666667 10.          6.66666667
 10.          6.66666667 10.          6.66666667 10.          6.66666667
 10.          6.66666667 10.          6.66666667 10.          6.66666667
 10.          6.66666667 10.          6.66666667 10.          6.66666667
 10.          6.66666667 10.          6.66666667 10.          6.66666667
 10.          6.66666667 10.          6.66666667 10.          6.66666667
 10.          6.66666667 10.          6.66666667 10.          6.66666667
 10.          6.66666667 10.          6.66666667 10.          6.66666667
 10.          6.66666667 10.          6.66666667 10.          6.66666667
 10.          6.66666667 10.          6.66666667 10.          6.66666667
 10.          6.66666667 10.          6.66666667 10.          6.66666667
 10.          6.66666667 10.          6.66666667 10.          6.66666667
 10.          6.66666667 10.          6.66666667 10.          6.66666667
 10.          6.66666667 10.          6.66666667 10.          6.66666667
 10.          6.66666667 10.          6.66666667 10.          6.66666667
 10.          6.66666667 10.          6.66666667 10.          6.66666667
 10.          6.66666667 10.          6.66666667 10.          6.66666667
 10.          6.66666667 10.          6.66666667 10.          6.66666667
 10.          6.66666667 10.          6.66666667 10.          6.66666667
 10.          6.66666667 10.          6.66666667 10.          6.66666667
 10.          6.66666667 10.          6.66666667 10.          6.66666667
 10.          6.66666667 10.          6.66666667 10.          6.66666667
 10.          6.66666667 10.          6.66666667 10.          6.66666667
 10.          6.66666667 10.          6.66666667 10.          6.66666667
 10.          6.66666667 10.          6.66666667 10.          6.66666667
 10.          6.66666667 10.          6.66666667 10.          6.66666667
 10.          6.66666667 10.          6.66666667 10.          6.66666667
 10.          6.66666667 10.          6.66666667 10.          6.66666667
 10.          6.66666667 10.          6.66666667 10.          6.66666667
 10.          6.66666667 10.          6.66666667 10.          6.66666667
 10.          6.66666667 10.          6.66666667 10.          6.66666667
 10.          6.66666667 10.          6.66666667 10.          6.66666667
 10.          6.66666667 10.          6.66666667 10.          6.66666667
 10.          6.66666667 10.          6.66666667 10.          6.66666667
 10.          6.66666667 10.          6.66666667 10.          6.66666667
 10.          6.66666667 10.          6.66666667 10.          6.66666667
 10.          6.66666667 10.          6.66666667 10.          6.66666667
 10.          6.66666667 10.          6.66666667 10.          6.66666667
 10.          6.66666667 10.          6.66666667 10.          6.66666667
 10.          6.66666667 10.          6.66666667 10.          6.66666667
 10.          6.66666667 10.          6.66666667 10.          6.66666667
 10.          6.66666667 10.          6.66666667 10.          6.66666667
 10.          6.66666667 10.          6.66666667 10.          6.66666667
 10.          6.66666667 10.          6.66666667 10.          6.66666667
 10.          6.66666667 10.          6.66666667 10.          6.66666667
 10.          6.66666667 10.          6.66666667 10.          6.66666667
 10.          6.66666667 10.          6.66666667 10.          6.66666667
 10.          6.66666667 10.          6.66666667 10.          6.66666667
 10.          6.66666667 10.          6.66666667 10.          6.66666667
 10.          6.66666667 10.          6.66666667 10.          6.66666667
 10.          6.66666667 10.          6.66666667 10.          6.66666667
 10.          6.66666667 10.          6.66666667 10.          6.66666667
 10.          6.66666667 10.          6.66666667 10.          6.66666667
 10.          6.66666667 10.          6.66666667 10.          6.66666667
 10.          6.66666667 10.          6.66666667 10.          6.66666667
 10.          6.66666667 10.          6.66666667 10.          6.66666667
 10.          6.66666667 10.          6.66666667 10.          6.66666667
 10.          6.66666667 10.          6.66666667 10.          6.66666667
 10.          6.66666667 10.          6.66666667 10.          6.66666667
 10.          6.66666667 10.          6.66666667 10.          6.66666667
 10.          6.66666667 10.          6.66666667 10.          6.66666667
 10.          6.66666667 10.          6.66666667 10.          6.66666667
 10.          6.66666667 10.          6.66666667 10.          6.66666667
 10.          6.66666667 10.          6.66666667 10.          6.66666667
 10.          6.66666667 10.          6.66666667 10.          6.66666667
 10.          6.66666667 10.          6.66666667 10.          6.66666667
 10.          6.66666667 10.          6.66666667 10.          6.66666667
 10.          6.66666667 10.          6.66666667 10.          6.66666667
 10.          6.66666667 10.          6.66666667 10.          6.66666667
 10.          6.66666667 10.          6.66666667 10.          6.66666667
 10.          6.66666667 10.          6.66666667 10.          6.66666667
 10.          6.66666667 10.          6.66666667 10.          6.66666667
 10.          6.66666667 10.          6.66666667 10.          6.66666667
 10.          6.66666667 10.          6.66666667 10.          6.66666667
 10.          6.66666667 10.          6.66666667 10.          6.66666667
 10.          6.66666667 10.          6.66666667 10.          6.66666667
 10.          6.66666667 10.          6.66666667 10.          6.66666667
 10.          6.66666667 10.          6.66666667 10.          6.66666667
 10.          6.66666667 10.          6.66666667 10.          6.66666667
 10.          6.66666667 10.          6.66666667 10.          6.66666667
 10.          6.66666667 10.          6.66666667 10.          6.66666667
 10.          6.66666667 10.          6.66666667 10.          6.66666667
 10.          6.66666667 10.          6.66666667 10.          6.66666667
 10.          6.66666667 10.          6.66666667 10.          6.66666667
 10.          6.66666667 10.          6.66666667 10.          6.66666667
 10.          6.66666667 10.          6.66666667 10.          6.66666667
 10.          6.66666667 10.          6.66666667 10.          6.66666667
 10.          6.66666667 10.          6.66666667 10.          6.66666667
 10.          6.66666667 10.          6.66666667 10.          6.66666667
 10.          6.66666667 10.          6.66666667 10.          6.66666667
 10.          6.66666667 10.          6.66666667 10.          6.66666667
 10.          6.66666667 10.          6.66666667]
[0.1  0.15 0.1  0.15 0.1  0.15 0.1  0.15 0.1  0.15 0.1  0.15 0.1  0.15
 0.1  0.15 0.1  0.15 0.1  0.15 0.1  0.15 0.1  0.15 0.1  0.15 0.1  0.15
 0.1  0.15 0.1  0.15 0.1  0.15 0.1  0.15 0.1  0.15 0.1  0.15 0.1  0.15
 0.1  0.15 0.1  0.15 0.1  0.15 0.1  0.15 0.1  0.15 0.1  0.15 0.1  0.15
 0.1  0.15 0.1  0.15 0.1  0.15 0.1  0.15 0.1  0.15 0.1  0.15 0.1  0.15
 0.1  0.15 0.1  0.15 0.1  0.15 0.1  0.15 0.1  0.15 0.1  0.15 0.1  0.15
 0.1  0.15 0.1  0.15 0.1  0.15 0.1  0.15 0.1  0.15 0.1  0.15 0.1  0.15
 0.1  0.15 0.1  0.15 0.1  0.15 0.1  0.15 0.1  0.15 0.1  0.15 0.1  0.15
 0.1  0.15 0.1  0.15 0.1  0.15 0.1  0.15 0.1  0.15 0.1  0.15 0.1  0.15
 0.1  0.15 0.1  0.15 0.1  0.15 0.1  0.15 0.1  0.15 0.1  0.15 0.1  0.15
 0.1  0.15 0.1  0.15 0.1  0.15 0.1  0.15 0.1  0.15 0.1  0.15 0.1  0.15
 0.1  0.15 0.1  0.15 0.1  0.15 0.1  0.15 0.1  0.15 0.1  0.15 0.1  0.15
 0.1  0.15 0.1  0.15 0.1  0.15 0.1  0.15 0.1  0.15 0.1  0.15 0.1  0.15
 0.1  0.15 0.1  0.15 0.1  0.15 0.1  0.15 0.1  0.15 0.1  0.15 0.1  0.15
 0.1  0.15 0.1  0.15 0.1  0.15 0.1  0.15 0.1  0.15 0.1  0.15 0.1  0.15
 0.1  0.15 0.1  0.15 0.1  0.15 0.1  0.15 0.1  0.15 0.1  0.15 0.1  0.15
 0.1  0.15 0.1  0.15 0.1  0.15 0.1  0.15 0.1  0.15 0.1  0.15 0.1  0.15
 0.1  0.15 0.1  0.15 0.1  0.15 0.1  0.15 0.1  0.15 0.1  0.15 0.1  0.15
 0.1  0.15 0.1  0.15 0.1  0.15 0.1  0.15 0.1  0.15 0.1  0.15 0.1  0.15
 0.1  0.15 0.1  0.15 0.1  0.15 0.1  0.15 0.1  0.15 0.1  0.15 0.1  0.15
 0.1  0.15 0.1  0.15 0.1  0.15 0.1  0.15 0.1  0.15 0.1  0.15 0.1  0.15
 0.1  0.15 0.1  0.15 0.1  0.15 0.1  0.15 0.1  0.15 0.1  0.15 0.1  0.15
 0.1  0.15 0.1  0.15 0.1  0.15 0.1  0.15 0.1  0.15 0.1  0.15 0.1  0.15
 0.1  0.15 0.1  0.15 0.1  0.15 0.1  0.15 0.1  0.15 0.1  0.15 0.1  0.15
 0.1  0.15 0.1  0.15 0.1  0.15 0.1  0.15 0.1  0.15 0.1  0.15 0.1  0.15
 0.1  0.15 0.1  0.15 0.1  0.15 0.1  0.15 0.1  0.15 0.1  0.15 0.1  0.15
 0.1  0.15 0.1  0.15 0.1  0.15 0.1  0.15 0.1  0.15 0.1  0.15 0.1  0.15
 0.1  0.15 0.1  0.15 0.1  0.15 0.1  0.15 0.1  0.15 0.1  0.15 0.1  0.15
 0.1  0.15 0.1  0.15 0.1  0.15 0.1  0.15 0.1  0.15 0.1  0.15 0.1  0.15
 0.1  0.15 0.1  0.15 0.1  0.15 0.1  0.15 0.1  0.15 0.1  0.15 0.1  0.15
 0.1  0.15 0.1  0.15 0.1  0.15 0.1  0.15 0.1  0.15 0.1  0.15 0.1  0.15
 0.1  0.15 0.1  0.15 0.1  0.15 0.1  0.15 0.1  0.15 0.1  0.15 0.1  0.15
 0.1  0.15 0.1  0.15 0.1  0.15 0.1  0.15 0.1  0.15 0.1  0.15 0.1  0.15
 0.1  0.15 0.1  0.15 0.1  0.15 0.1  0.15 0.1  0.15 0.1  0.15 0.1  0.15
 0.1  0.15 0.1  0.15 0.1  0.15 0.1  0.15 0.1  0.15 0.1  0.15 0.1  0.15
 0.1  0.15 0.1  0.15 0.1  0.15 0.1  0.15 0.1  0.15 0.1  0.15 0.1  0.15
 0.1  0.15 0.1  0.15 0.1  0.15 0.1  0.15 0.1  0.15 0.1  0.15 0.1  0.15
 0.1  0.15 0.1  0.15 0.1  0.15 0.1  0.15 0.1  0.15 0.1  0.15 0.1  0.15
 0.1  0.15 0.1  0.15 0.1  0.15 0.1  0.15 0.1  0.15 0.1  0.15 0.1  0.15
 0.1  0.15 0.1  0.15 0.1  0.15 0.1  0.15 0.1  0.15 0.1  0.15 0.1  0.15
 0.1  0.15 0.1  0.15 0.1  0.15 0.1  0.15 0.1  0.15 0.1  0.15 0.1  0.15
 0.1  0.15 0.1  0.15 0.1  0.15 0.1  0.15 0.1  0.15 0.1  0.15 0.1  0.15
 0.1  0.15 0.1  0.15 0.1  0.15 0.1  0.15 0.1  0.15 0.1  0.15 0.1  0.15
 0.1  0.15 0.1  0.15 0.1  0.15 0.1  0.15 0.1  0.15 0.1  0.15 0.1  0.15
 0.1  0.15 0.1  0.15 0.1  0.15 0.1  0.15 0.1  0.15 0.1  0.15 0.1  0.15
 0.1  0.15 0.1  0.15 0.1  0.15 0.1  0.15 0.1  0.15 0.1  0.15 0.1  0.15
 0.1  0.15 0.1  0.15 0.1  0.15 0.1  0.15 0.1  0.15 0.1  0.15 0.1  0.15
 0.1  0.15 0.1  0.15 0.1  0.15 0.1  0.15 0.1  0.15 0.1  0.15 0.1  0.15
 0.1  0.15 0.1  0.15 0.1  0.15 0.1  0.15 0.1  0.15 0.1  0.15 0.1  0.15
 0.1  0.15 0.1  0.15 0.1  0.15 0.1  0.15 0.1  0.15 0.1  0.15 0.1  0.15
 0.1  0.15 0.1  0.15 0.1  0.15 0.1  0.15 0.1  0.15 0.1  0.15 0.1  0.15
 0.1  0.15 0.1  0.15 0.1  0.15 0.1  0.15 0.1  0.15 0.1  0.15 0.1  0.15
 0.1  0.15 0.1  0.15 0.1  0.15 0.1  0.15 0.1  0.15 0.1  0.15 0.1  0.15
 0.1  0.15 0.1  0.15 0.1  0.15 0.1  0.15 0.1  0.15 0.1  0.15 0.1  0.15
 0.1  0.15 0.1  0.15 0.1  0.15 0.1  0.15 0.1  0.15 0.1  0.15 0.1  0.15
 0.1  0.15 0.1  0.15 0.1  0.15 0.1  0.15 0.1  0.15 0.1  0.15 0.1  0.15
 0.1  0.15 0.1  0.15 0.1  0.15 0.1  0.15 0.1  0.15 0.1  0.15 0.1  0.15
 0.1  0.15 0.1  0.15 0.1  0.15 0.1  0.15 0.1  0.15 0.1  0.15 0.1  0.15
 0.1  0.15 0.1  0.15 0.1  0.15 0.1  0.15 0.1  0.15 0.1  0.15 0.1  0.15
 0.1  0.15 0.1  0.15 0.1  0.15 0.1  0.15 0.1  0.15 0.1  0.15 0.1  0.15
 0.1  0.15 0.1  0.15 0.1  0.15 0.1  0.15 0.1  0.15 0.1  0.15 0.1  0.15
 0.1  0.15 0.1  0.15 0.1  0.15 0.1  0.15 0.1  0.15 0.1  0.15 0.1  0.15
 0.1  0.15 0.1  0.15 0.1  0.15 0.1  0.15 0.1  0.15 0.1  0.15 0.1  0.15
 0.1  0.15 0.1  0.15 0.1  0.15 0.1  0.15 0.1  0.15 0.1  0.15 0.1  0.15
 0.1  0.15 0.1  0.15 0.1  0.15 0.1  0.15 0.1  0.15 0.1  0.15 0.1  0.15
 0.1  0.15 0.1  0.15 0.1  0.15 0.1  0.15 0.1  0.15 0.1  0.15 0.1  0.15
 0.1  0.15 0.1  0.15 0.1  0.15 0.1  0.15 0.1  0.15 0.1  0.15 0.1  0.15
 0.1  0.15 0.1  0.15 0.1  0.15 0.1  0.15 0.1  0.15 0.1  0.15 0.1  0.15
 0.1  0.15 0.1  0.15 0.1  0.15 0.1  0.15 0.1  0.15 0.1  0.15 0.1  0.15
 0.1  0.15 0.1  0.15 0.1  0.15 0.1  0.15 0.1  0.15 0.1  0.15 0.1  0.15
 0.1  0.15 0.1  0.15 0.1  0.15 0.1  0.15 0.1  0.15 0.1  0.15 0.1  0.15
 0.1  0.15 0.1  0.15 0.1  0.15]
[ 9.8326     14.60706522  9.8326     14.60706522  9.8326     14.60706522
  9.8326     14.60706522  9.8326     14.60706522  9.8326     14.60706522
  9.8326     14.60706522  9.8326     14.60706522  9.8326     14.60706522
  9.8326     14.60706522  9.8326     14.60706522  9.8326     14.60706522
  9.8326     14.60706522  9.8326     14.60706522  9.8326     14.60706522
  9.8326     14.60706522  9.8326     14.60706522  9.8326     14.60706522
  9.8326     14.60706522  9.8326     14.60706522  9.8326     14.60706522
  9.8326     14.60706522  9.8326     14.60706522  9.8326     14.60706522
  9.8326     14.60706522  9.8326     14.60706522  9.8326     14.60706522
  9.8326     14.60706522  9.8326     14.60706522  9.8326     14.60706522
  9.8326     14.60706522  9.8326     14.60706522  9.8326     14.60706522
  9.8326     14.60706522  9.8326     14.60706522  9.8326     14.60706522
  9.8326     14.60706522  9.8326     14.60706522  9.8326     14.60706522
  9.8326     14.60706522  9.8326     14.60706522  9.8326     14.60706522
  9.8326     14.60706522  9.8326     14.60706522  9.8326     14.60706522
  9.8326     14.60706522  9.8326     14.60706522  9.8326     14.60706522
  9.8326     14.60706522  9.8326     14.60706522  9.8326     14.60706522
  9.8326     14.60706522  9.8326     14.60706522  9.8326     14.60706522
  9.8326     14.60706522  9.8326     14.60706522  9.8326     14.60706522
  9.8326     14.60706522  9.8326     14.60706522  9.8326     14.60706522
  9.8326     14.60706522  9.8326     14.60706522  9.8326     14.60706522
  9.8326     14.60706522  9.8326     14.60706522  9.8326     14.60706522
  9.8326     14.60706522  9.8326     14.60706522  9.8326     14.60706522
  9.8326     14.60706522  9.8326     14.60706522  9.8326     14.60706522
  9.8326     14.60706522  9.8326     14.60706522  9.8326     14.60706522
  9.8326     14.60706522  9.8326     14.60706522  9.8326     14.60706522
  9.8326     14.60706522  9.8326     14.60706522  9.8326     14.60706522
  9.8326     14.60706522  9.8326     14.60706522  9.8326     14.60706522
  9.8326     14.60706522  9.8326     14.60706522  9.8326     14.60706522
  9.8326     14.60706522  9.8326     14.60706522  9.8326     14.60706522
  9.8326     14.60706522  9.8326     14.60706522  9.8326     14.60706522
  9.8326     14.60706522  9.8326     14.60706522  9.8326     14.60706522
  9.8326     14.60706522  9.8326     14.60706522  9.8326     14.60706522
  9.8326     14.60706522  9.8326     14.60706522  9.8326     14.60706522
  9.8326     14.60706522  9.8326     14.60706522  9.8326     14.60706522
  9.8326     14.60706522  9.8326     14.60706522  9.8326     14.60706522
  9.8326     14.60706522  9.8326     14.60706522  9.8326     14.60706522
  9.8326     14.60706522  9.8326     14.60706522  9.8326     14.60706522
  9.8326     14.60706522  9.8326     14.60706522  9.8326     14.60706522
  9.8326     14.60706522  9.8326     14.60706522  9.8326     14.60706522
  9.8326     14.60706522  9.8326     14.60706522  9.8326     14.60706522
  9.8326     14.60706522  9.8326     14.60706522  9.8326     14.60706522
  9.8326     14.60706522  9.8326     14.60706522  9.8326     14.60706522
  9.8326     14.60706522  9.8326     14.60706522  9.8326     14.60706522
  9.8326     14.60706522  9.8326     14.60706522  9.8326     14.60706522
  9.8326     14.60706522  9.8326     14.60706522  9.8326     14.60706522
  9.8326     14.60706522  9.8326     14.60706522  9.8326     14.60706522
  9.8326     14.60706522  9.8326     14.60706522  9.8326     14.60706522
  9.8326     14.60706522  9.8326     14.60706522  9.8326     14.60706522
  9.8326     14.60706522  9.8326     14.60706522  9.8326     14.60706522
  9.8326     14.60706522  9.8326     14.60706522  9.8326     14.60706522
  9.8326     14.60706522  9.8326     14.60706522  9.8326     14.60706522
  9.8326     14.60706522  9.8326     14.60706522  9.8326     14.60706522
  9.8326     14.60706522  9.8326     14.60706522  9.8326     14.60706522
  9.8326     14.60706522  9.8326     14.60706522  9.8326     14.60706522
  9.8326     14.60706522  9.8326     14.60706522  9.8326     14.60706522
  9.8326     14.60706522  9.8326     14.60706522  9.8326     14.60706522
  9.8326     14.60706522  9.8326     14.60706522  9.8326     14.60706522
  9.8326     14.60706522  9.8326     14.60706522  9.8326     14.60706522
  9.8326     14.60706522  9.8326     14.60706522  9.8326     14.60706522
  9.8326     14.60706522  9.8326     14.60706522  9.8326     14.60706522
  9.8326     14.60706522  9.8326     14.60706522  9.8326     14.60706522
  9.8326     14.60706522  9.8326     14.60706522  9.8326     14.60706522
  9.8326     14.60706522  9.8326     14.60706522  9.8326     14.60706522
  9.8326     14.60706522  9.8326     14.60706522  9.8326     14.60706522
  9.8326     14.60706522  9.8326     14.60706522  9.8326     14.60706522
  9.8326     14.60706522  9.8326     14.60706522  9.8326     14.60706522
  9.8326     14.60706522  9.8326     14.60706522  9.8326     14.60706522
  9.8326     14.60706522  9.8326     14.60706522  9.8326     14.60706522
  9.8326     14.60706522  9.8326     14.60706522  9.8326     14.60706522
  9.8326     14.60706522  9.8326     14.60706522  9.8326     14.60706522
  9.8326     14.60706522  9.8326     14.60706522  9.8326     14.60706522
  9.8326     14.60706522  9.8326     14.60706522  9.8326     14.60706522
  9.8326     14.60706522  9.8326     14.60706522  9.8326     14.60706522
  9.8326     14.60706522  9.8326     14.60706522  9.8326     14.60706522
  9.8326     14.60706522  9.8326     14.60706522  9.8326     14.60706522
  9.8326     14.60706522  9.8326     14.60706522  9.8326     14.60706522
  9.8326     14.60706522  9.8326     14.60706522  9.8326     14.60706522
  9.8326     14.60706522  9.8326     14.60706522  9.8326     14.60706522
  9.8326     14.60706522  9.8326     14.60706522  9.8326     14.60706522
  9.8326     14.60706522  9.8326     14.60706522  9.8326     14.60706522
  9.8326     14.60706522  9.8326     14.60706522  9.8326     14.60706522
  9.8326     14.60706522  9.8326     14.60706522  9.8326     14.60706522
  9.8326     14.60706522  9.8326     14.60706522  9.8326     14.60706522
  9.8326     14.60706522  9.8326     14.60706522  9.8326     14.60706522
  9.8326     14.60706522  9.8326     14.60706522  9.8326     14.60706522
  9.8326     14.60706522  9.8326     14.60706522  9.8326     14.60706522
  9.8326     14.60706522  9.8326     14.60706522  9.8326     14.60706522
  9.8326     14.60706522  9.8326     14.60706522  9.8326     14.60706522
  9.8326     14.60706522  9.8326     14.60706522  9.8326     14.60706522
  9.8326     14.60706522  9.8326     14.60706522  9.8326     14.60706522
  9.8326     14.60706522  9.8326     14.60706522  9.8326     14.60706522
  9.8326     14.60706522  9.8326     14.60706522  9.8326     14.60706522
  9.8326     14.60706522  9.8326     14.60706522  9.8326     14.60706522
  9.8326     14.60706522  9.8326     14.60706522  9.8326     14.60706522
  9.8326     14.60706522  9.8326     14.60706522  9.8326     14.60706522
  9.8326     14.60706522  9.8326     14.60706522  9.8326     14.60706522
  9.8326     14.60706522  9.8326     14.60706522  9.8326     14.60706522
  9.8326     14.60706522  9.8326     14.60706522  9.8326     14.60706522
  9.8326     14.60706522  9.8326     14.60706522  9.8326     14.60706522
  9.8326     14.60706522  9.8326     14.60706522  9.8326     14.60706522
  9.8326     14.60706522  9.8326     14.60706522  9.8326     14.60706522
  9.8326     14.60706522  9.8326     14.60706522  9.8326     14.60706522
  9.8326     14.60706522  9.8326     14.60706522  9.8326     14.60706522
  9.8326     14.60706522  9.8326     14.60706522  9.8326     14.60706522
  9.8326     14.60706522  9.8326     14.60706522  9.8326     14.60706522
  9.8326     14.60706522  9.8326     14.60706522  9.8326     14.60706522
  9.8326     14.60706522  9.8326     14.60706522  9.8326     14.60706522
  9.8326     14.60706522  9.8326     14.60706522  9.8326     14.60706522
  9.8326     14.60706522  9.8326     14.60706522  9.8326     14.60706522
  9.8326     14.60706522  9.8326     14.60706522  9.8326     14.60706522
  9.8326     14.60706522  9.8326     14.60706522  9.8326     14.60706522
  9.8326     14.60706522  9.8326     14.60706522  9.8326     14.60706522
  9.8326     14.60706522  9.8326     14.60706522  9.8326     14.60706522
  9.8326     14.60706522  9.8326     14.60706522  9.8326     14.60706522
  9.8326     14.60706522  9.8326     14.60706522  9.8326     14.60706522
  9.8326     14.60706522  9.8326     14.60706522  9.8326     14.60706522
  9.8326     14.60706522  9.8326     14.60706522  9.8326     14.60706522
  9.8326     14.60706522  9.8326     14.60706522  9.8326     14.60706522
  9.8326     14.60706522  9.8326     14.60706522  9.8326     14.60706522
  9.8326     14.60706522  9.8326     14.60706522  9.8326     14.60706522
  9.8326     14.60706522  9.8326     14.60706522  9.8326     14.60706522
  9.8326     14.60706522  9.8326     14.60706522  9.8326     14.60706522
  9.8326     14.60706522  9.8326     14.60706522  9.8326     14.60706522
  9.8326     14.60706522  9.8326     14.60706522  9.8326     14.60706522
  9.8326     14.60706522  9.8326     14.60706522  9.8326     14.60706522
  9.8326     14.60706522  9.8326     14.60706522  9.8326     14.60706522
  9.8326     14.60706522  9.8326     14.60706522  9.8326     14.60706522
  9.8326     14.60706522  9.8326     14.60706522  9.8326     14.60706522
  9.8326     14.60706522  9.8326     14.60706522  9.8326     14.60706522
  9.8326     14.60706522  9.8326     14.60706522  9.8326     14.60706522
  9.8326     14.60706522  9.8326     14.60706522  9.8326     14.60706522
  9.8326     14.60706522  9.8326     14.60706522  9.8326     14.60706522
  9.8326     14.60706522  9.8326     14.60706522  9.8326     14.60706522
  9.8326     14.60706522  9.8326     14.60706522  9.8326     14.60706522
  9.8326     14.60706522  9.8326     14.60706522  9.8326     14.60706522
  9.8326     14.60706522  9.8326     14.60706522  9.8326     14.60706522
  9.8326     14.60706522  9.8326     14.60706522  9.8326     14.60706522
  9.8326     14.60706522  9.8326     14.60706522  9.8326     14.60706522
  9.8326     14.60706522  9.8326     14.60706522  9.8326     14.60706522
  9.8326     14.60706522  9.8326     14.60706522  9.8326     14.60706522
  9.8326     14.60706522  9.8326     14.60706522  9.8326     14.60706522
  9.8326     14.60706522  9.8326     14.60706522  9.8326     14.60706522
  9.8326     14.60706522  9.8326     14.60706522  9.8326     14.60706522
  9.8326     14.60706522  9.8326     14.60706522  9.8326     14.60706522
  9.8326     14.60706522  9.8326     14.60706522  9.8326     14.60706522
  9.8326     14.60706522  9.8326     14.60706522  9.8326     14.60706522
  9.8326     14.60706522  9.8326     14.60706522  9.8326     14.60706522
  9.8326     14.60706522  9.8326     14.60706522  9.8326     14.60706522
  9.8326     14.60706522  9.8326     14.60706522  9.8326     14.60706522
  9.8326     14.60706522  9.8326     14.60706522  9.8326     14.60706522
  9.8326     14.60706522  9.8326     14.60706522  9.8326     14.60706522
  9.8326     14.60706522  9.8326     14.60706522  9.8326     14.60706522
  9.8326     14.60706522  9.8326     14.60706522  9.8326     14.60706522
  9.8326     14.60706522  9.8326     14.60706522  9.8326     14.60706522
  9.8326     14.60706522  9.8326     14.60706522  9.8326     14.60706522
  9.8326     14.60706522  9.8326     14.60706522  9.8326     14.60706522
  9.8326     14.60706522  9.8326     14.60706522  9.8326     14.60706522
  9.8326     14.60706522  9.8326     14.60706522  9.8326     14.60706522
  9.8326     14.60706522  9.8326     14.60706522  9.8326     14.60706522
  9.8326     14.60706522  9.8326     14.60706522  9.8326     14.60706522
  9.8326     14.60706522  9.8326     14.60706522  9.8326     14.60706522
  9.8326     14.60706522  9.8326     14.60706522  9.8326     14.60706522
  9.8326     14.60706522  9.8326     14.60706522  9.8326     14.60706522
  9.8326     14.60706522  9.8326     14.60706522  9.8326     14.60706522
  9.8326     14.60706522  9.8326     14.60706522  9.8326     14.60706522
  9.8326     14.60706522  9.8326     14.60706522]
Traceback (most recent call last):
  File "/home/users/ahirsch1/Chromo_Github/chromo/chromo/run_simulation.py", line 120, in <module>
    mc.polymer_in_field(
  File "/home/users/ahirsch1/Chromo_Github/chromo/chromo/util/reproducibility.py", line 156, in __call__
    sim_out = self.sim(*args, **kwargs)
  File "/home/users/ahirsch1/Chromo_Github/chromo/chromo/mc/__init__.py", line 168, in _polymer_in_field
    decorator_timed_path(output_dir)(mc_sim)(
  File "/home/users/ahirsch1/Chromo_Github/chromo/chromo/util/timer.py", line 39, in wrapper
    results = func(*args, **kwargs)
  File "chromo/mc/mc_sim.pyx", line 30, in chromo.mc.mc_sim.mc_sim
TypeError: mc_sim() takes exactly 7 positional arguments (9 given)
Job complete#!/bin/bash
