/scratch/users/ahirsch1/chromo_scratch/chromo/chromo/run_simulation.py:41: FutureWarning: The frame.append method is deprecated and will be removed from pandas in a future version. Use pandas.concat instead.
  binders = chromo.binders.make_binder_collection([null_binder]) # gets relevant binder information from binder specified
Directory containing the notebook:
/scratch/users/ahirsch1/chromo_scratch/chromo/chromo
Root Directory of Package: 
/scratch/users/ahirsch1/chromo_scratch
magnitude steps
[2.43707091 1.26191454 1.79035172 0.98646213 1.01825382 1.17776666
 1.98854592 0.71662565 1.0198781  0.33250059 1.36066532 2.76896379
 1.83023017 2.00212101 1.81039962 1.61088578 1.24842896 1.85373484
 1.89879858 1.48323708 1.70601373 1.35428094 1.07950202 1.1422681
 1.21456712 1.98768232 1.13411762 1.73083593 1.52710967 1.02353303
 1.13131876 1.98387954 1.51914182 2.18880823 1.33453451 2.12551926
 2.37176402 1.69708895 0.79050307 1.38237673 0.83991283 1.22094787
 1.71518406 0.92967247 2.6597631  1.55020742 2.44272166 1.19463844
 2.48552383 1.9684263  1.03265341 0.31430829 1.49597781 1.42945821
 1.47100801 1.75518218 0.64672138 1.88888131 1.79867268 1.25865794
 1.05322783 0.74555802 1.07134947 1.61299932 3.3236124  1.68670713
 0.958465   1.73724972 0.6428302  1.51735968 1.13877778 1.71455491
 1.21189547 1.23604289 0.79166935 0.39980297 3.25487415 1.54021657
 3.13855659 1.01756996 1.36895587 1.53981233 1.30089638 2.53617994
 1.60942638 2.32973365 3.02370559 0.87915885 1.37014173 1.06928235
 2.30903479 1.05549794 0.6576155  0.88517328 2.2724266  2.19223053
 0.72885044 0.9176439  2.57757526 2.71842773]
100
[6.8 6.8 6.8 6.8 6.8 6.8 6.8 6.8 6.8 6.8 6.8 6.8 6.8 6.8 6.8 6.8 6.8 6.8
 6.8 6.8 6.8 6.8 6.8 6.8 6.8 6.8 6.8 6.8 6.8 6.8 6.8 6.8 6.8 6.8 6.8 6.8
 6.8 6.8 6.8 6.8 6.8 6.8 6.8 6.8 6.8 6.8 6.8 6.8 6.8 6.8 6.8 6.8 6.8 6.8
 6.8 6.8 6.8 6.8 6.8 6.8 6.8 6.8 6.8 6.8 6.8 6.8 6.8 6.8 6.8 6.8 6.8 6.8
 6.8 6.8 6.8 6.8 6.8 6.8 6.8 6.8 6.8 6.8 6.8 6.8 6.8 6.8 6.8 6.8 6.8 6.8
 6.8 6.8 6.8 6.8 6.8 6.8 6.8 6.8 6.8 6.8]
No states defined.
No chemical modifications defined.
Save point 0 completed
Save point 1 completed
Save point 2 completed
Save point 3 completed
Save point 4 completed
Save point 5 completed
Save point 6 completed
Save point 7 completed
Save point 8 completed
Save point 9 completed
Save point 10 completed
Save point 11 completed
Save point 12 completed
Save point 13 completed
Save point 14 completed
Save point 15 completed
Save point 16 completed
Save point 17 completed
Save point 18 completed
Save point 19 completed
Save point 20 completed
Save point 21 completed
Save point 22 completed
Save point 23 completed
Save point 24 completed
Save point 25 completed
Save point 26 completed
Save point 27 completed
Save point 28 completed
Save point 29 completed
Save point 30 completed
Save point 31 completed
Save point 32 completed
Save point 33 completed
Save point 34 completed
Save point 35 completed
Save point 36 completed
Save point 37 completed
Save point 38 completed
Save point 39 completed
Save point 40 completed
Save point 41 completed
Save point 42 completed
Save point 43 completed
Save point 44 completed
Save point 45 completed
Save point 46 completed
Save point 47 completed
Save point 48 completed
Save point 49 completed
Save point 50 completed
Save point 51 completed
Save point 52 completed
Save point 53 completed
Save point 54 completed
Save point 55 completed
Save point 56 completed
Save point 57 completed
Save point 58 completed
Save point 59 completed
Save point 60 completed
Save point 61 completed
Save point 62 completed
Save point 63 completed
Save point 64 completed
Save point 65 completed
Save point 66 completed
Save point 67 completed
Save point 68 completed
Save point 69 completed
Save point 70 completed
Save point 71 completed
Save point 72 completed
Save point 73 completed
Save point 74 completed
Save point 75 completed
Save point 76 completed
Save point 77 completed
Save point 78 completed
Save point 79 completed
Save point 80 completed
Save point 81 completed
Save point 82 completed
Save point 83 completed
Save point 84 completed
Save point 85 completed
Save point 86 completed
Save point 87 completed
Save point 88 completed
Save point 89 completed
Save point 90 completed
Save point 91 completed
Save point 92 completed
Save point 93 completed
Save point 94 completed
Save point 95 completed
Save point 96 completed
Save point 97 completed
Save point 98 completed
Save point 99 completed
Save point 100 completed
Save point 101 completed
Save point 102 completed
Save point 103 completed
Save point 104 completed
Save point 105 completed
Save point 106 completed
Save point 107 completed
Save point 108 completed
Save point 109 completed
Save point 110 completed
Save point 111 completed
Save point 112 completed
Save point 113 completed
Save point 114 completed
Save point 115 completed
Save point 116 completed
Save point 117 completed
Save point 118 completed
Save point 119 completed
Save point 120 completed
Save point 121 completed
Save point 122 completed
Save point 123 completed
Save point 124 completed
Save point 125 completed
Save point 126 completed
Save point 127 completed
Save point 128 completed
Save point 129 completed
Save point 130 completed
Save point 131 completed
Save point 132 completed
Save point 133 completed
Save point 134 completed
Save point 135 completed
Save point 136 completed
Save point 137 completed
Save point 138 completed
Save point 139 completed
Save point 140 completed
Save point 141 completed
Save point 142 completed
Save point 143 completed
Save point 144 completed
Save point 145 completed
Save point 146 completed
Save point 147 completed
Save point 148 completed
Save point 149 completed
Save point 150 completed
Save point 151 completed
Save point 152 completed
Save point 153 completed
Save point 154 completed
Save point 155 completed
Save point 156 completed
Save point 157 completed
Save point 158 completed
Save point 159 completed
Save point 160 completed
Save point 161 completed
Save point 162 completed
Save point 163 completed
Save point 164 completed
Save point 165 completed
Save point 166 completed
Save point 167 completed
Save point 168 completed
Save point 169 completed
Save point 170 completed
Save point 171 completed
Save point 172 completed
Save point 173 completed
Save point 174 completed
Save point 175 completed
Save point 176 completed
Save point 177 completed
Save point 178 completed
Save point 179 completed
Save point 180 completed
Save point 181 completed
Save point 182 completed
Save point 183 completed
Save point 184 completed
Save point 185 completed
Save point 186 completed
Save point 187 completed
Save point 188 completed
Save point 189 completed
Save point 190 completed
Save point 191 completed
Save point 192 completed
Save point 193 completed
Save point 194 completed
Save point 195 completed
Save point 196 completed
Save point 197 completed
Save point 198 completed
Save point 199 completed
Save point 200 completed
Save point 201 completed
Save point 202 completed
Save point 203 completed
Save point 204 completed
Save point 205 completed
Save point 206 completed
Save point 207 completed
Save point 208 completed
Save point 209 completed
Save point 210 completed
Save point 211 completed
Save point 212 completed
Save point 213 completed
Save point 214 completed
Save point 215 completed
Save point 216 completed
Save point 217 completed
Save point 218 completed
Save point 219 completed
Save point 220 completed
Save point 221 completed
Save point 222 completed
Save point 223 completed
Save point 224 completed
Save point 225 completed
Save point 226 completed
Save point 227 completed
Save point 228 completed
Save point 229 completed
Save point 230 completed
Save point 231 completed
Save point 232 completed
Save point 233 completed
Save point 234 completed
Save point 235 completed
Save point 236 completed
Save point 237 completed
Save point 238 completed
Save point 239 completed
Save point 240 completed
Save point 241 completed
Save point 242 completed
Save point 243 completed
Save point 244 completed
Save point 245 completed
Save point 246 completed
Save point 247 completed
Save point 248 completed
Save point 249 completed
Save point 250 completed
Save point 251 completed
Save point 252 completed
Save point 253 completed
Save point 254 completed
Save point 255 completed
Save point 256 completed
Save point 257 completed
Save point 258 completed
Save point 259 completed
Save point 260 completed
Save point 261 completed
Save point 262 completed
Save point 263 completed
Save point 264 completed
Save point 265 completed
Save point 266 completed
Save point 267 completed
Save point 268 completed
Save point 269 completed
Save point 270 completed
Save point 271 completed
Save point 272 completed
Save point 273 completed
Save point 274 completed
Save point 275 completed
Save point 276 completed
Save point 277 completed
Save point 278 completed
Save point 279 completed
Save point 280 completed
Save point 281 completed
Save point 282 completed
Save point 283 completed
Save point 284 completed
Save point 285 completed
Save point 286 completed
Save point 287 completed
Save point 288 completed
Save point 289 completed
Save point 290 completed
Save point 291 completed
Save point 292 completed
Save point 293 completed
Save point 294 completed
Save point 295 completed
Save point 296 completed
Save point 297 completed
Save point 298 completed
Save point 299 completed
Save point 300 completed
Save point 301 completed
Save point 302 completed
Save point 303 completed
Save point 304 completed
Save point 305 completed
Save point 306 completed
Save point 307 completed
Save point 308 completed
Save point 309 completed
Save point 310 completed
Save point 311 completed
Save point 312 completed
Save point 313 completed
Save point 314 completed
Save point 315 completed
Save point 316 completed
Save point 317 completed
Save point 318 completed
Save point 319 completed
Save point 320 completed
Save point 321 completed
Save point 322 completed
Save point 323 completed
Save point 324 completed
Save point 325 completed
Save point 326 completed
Save point 327 completed
Save point 328 completed
Save point 329 completed
Save point 330 completed
Save point 331 completed
Save point 332 completed
Save point 333 completed
Save point 334 completed
Save point 335 completed
Save point 336 completed
Save point 337 completed
Save point 338 completed
Save point 339 completed
Save point 340 completed
Save point 341 completed
Save point 342 completed
Save point 343 completed
Save point 344 completed
Save point 345 completed
Save point 346 completed
Save point 347 completed
Save point 348 completed
Save point 349 completed
Save point 350 completed
Save point 351 completed
Save point 352 completed
Save point 353 completed
Save point 354 completed
Save point 355 completed
Save point 356 completed
Save point 357 completed
Save point 358 completed
Save point 359 completed
Save point 360 completed
Save point 361 completed
Save point 362 completed
Save point 363 completed
Save point 364 completed
Save point 365 completed
Save point 366 completed
Save point 367 completed
Save point 368 completed
Save point 369 completed
Save point 370 completed
Save point 371 completed
Save point 372 completed
Save point 373 completed
Save point 374 completed
Save point 375 completed
Save point 376 completed
Save point 377 completed
Save point 378 completed
Save point 379 completed
Save point 380 completed
Save point 381 completed
Save point 382 completed
Save point 383 completed
Save point 384 completed
Save point 385 completed
Save point 386 completed
Save point 387 completed
Save point 388 completed
Save point 389 completed
Save point 390 completed
Save point 391 completed
Save point 392 completed
Save point 393 completed
Save point 394 completed
Save point 395 completed
Save point 396 completed
Save point 397 completed
Save point 398 completed
Save point 399 completed
Save point 400 completed
Save point 401 completed
Save point 402 completed
Save point 403 completed
Save point 404 completed
Save point 405 completed
Save point 406 completed
Save point 407 completed
Save point 408 completed
Save point 409 completed
Save point 410 completed
Save point 411 completed
Save point 412 completed
Save point 413 completed
Save point 414 completed
Save point 415 completed
Save point 416 completed
Save point 417 completed
Save point 418 completed
Save point 419 completed
Save point 420 completed
Save point 421 completed
Save point 422 completed
Save point 423 completed
Save point 424 completed
Save point 425 completed
Save point 426 completed
Save point 427 completed
Save point 428 completed
Save point 429 completed
Save point 430 completed
Save point 431 completed
Save point 432 completed
Save point 433 completed
Save point 434 completed
Save point 435 completed
Save point 436 completed
Save point 437 completed
Save point 438 completed
Save point 439 completed
Save point 440 completed
Save point 441 completed
Save point 442 completed
Save point 443 completed
Save point 444 completed
Save point 445 completed
Save point 446 completed
Save point 447 completed
Save point 448 completed
Save point 449 completed
Save point 450 completed
Save point 451 completed
Save point 452 completed
Save point 453 completed
Save point 454 completed
Save point 455 completed
Save point 456 completed
Save point 457 completed
Save point 458 completed
Save point 459 completed
Save point 460 completed
Save point 461 completed
Save point 462 completed
Save point 463 completed
Save point 464 completed
Save point 465 completed
Save point 466 completed
Save point 467 completed
Save point 468 completed
Save point 469 completed
Save point 470 completed
Save point 471 completed
Save point 472 completed
Save point 473 completed
Save point 474 completed
Save point 475 completed
Save point 476 completed
Save point 477 completed
Save point 478 completed
Save point 479 completed
Save point 480 completed
Save point 481 completed
Save point 482 completed
Save point 483 completed
Save point 484 completed
Save point 485 completed
Save point 486 completed
Save point 487 completed
Save point 488 completed
Save point 489 completed
Save point 490 completed
Save point 491 completed
Save point 492 completed
Save point 493 completed
Save point 494 completed
Save point 495 completed
Save point 496 completed
Save point 497 completed
Save point 498 completed
Save point 499 completed
Save point 500 completed
Save point 501 completed
Save point 502 completed
Save point 503 completed
Save point 504 completed
Save point 505 completed
Save point 506 completed
Save point 507 completed
Save point 508 completed
Save point 509 completed
Save point 510 completed
Save point 511 completed
Save point 512 completed
Save point 513 completed
Save point 514 completed
Save point 515 completed
Save point 516 completed
Save point 517 completed
Save point 518 completed
Save point 519 completed
Save point 520 completed
Save point 521 completed
Save point 522 completed
Save point 523 completed
Save point 524 completed
Save point 525 completed
Save point 526 completed
Save point 527 completed
Save point 528 completed
Save point 529 completed
Save point 530 completed
Save point 531 completed
Save point 532 completed
Save point 533 completed
Save point 534 completed
Save point 535 completed
Save point 536 completed
Save point 537 completed
Save point 538 completed
Save point 539 completed
Save point 540 completed
Save point 541 completed
Save point 542 completed
Save point 543 completed
Save point 544 completed
Save point 545 completed
Save point 546 completed
Save point 547 completed
Save point 548 completed
Save point 549 completed
Save point 550 completed
Save point 551 completed
Save point 552 completed
Save point 553 completed
Save point 554 completed
Save point 555 completed
Save point 556 completed
Save point 557 completed
Save point 558 completed
Save point 559 completed
Save point 560 completed
Save point 561 completed
Save point 562 completed
Save point 563 completed
Save point 564 completed
Save point 565 completed
Save point 566 completed
Save point 567 completed
Save point 568 completed
Save point 569 completed
Save point 570 completed
Save point 571 completed
Save point 572 completed
Save point 573 completed
Save point 574 completed
Save point 575 completed
Save point 576 completed
Save point 577 completed
Save point 578 completed
Save point 579 completed
Save point 580 completed
Save point 581 completed
Save point 582 completed
Save point 583 completed
Save point 584 completed
Save point 585 completed
Save point 586 completed
Save point 587 completed
Save point 588 completed
Save point 589 completed
Save point 590 completed
Save point 591 completed
Save point 592 completed
Save point 593 completed
Save point 594 completed
Save point 595 completed
Save point 596 completed
Save point 597 completed
Save point 598 completed
Save point 599 completed
Save point 600 completed
Save point 601 completed
Save point 602 completed
Save point 603 completed
Save point 604 completed
Save point 605 completed
Save point 606 completed
Save point 607 completed
Save point 608 completed
Save point 609 completed
Save point 610 completed
Save point 611 completed
Save point 612 completed
Save point 613 completed
Save point 614 completed
Save point 615 completed
Save point 616 completed
Save point 617 completed
Save point 618 completed
Save point 619 completed
Save point 620 completed
Save point 621 completed
Save point 622 completed
Save point 623 completed
Save point 624 completed
Save point 625 completed
Save point 626 completed
Save point 627 completed
Save point 628 completed
Save point 629 completed
Save point 630 completed
Save point 631 completed
Save point 632 completed
Save point 633 completed
Save point 634 completed
Save point 635 completed
Save point 636 completed
Save point 637 completed
Save point 638 completed
Save point 639 completed
Save point 640 completed
Save point 641 completed
Save point 642 completed
Save point 643 completed
Save point 644 completed
Save point 645 completed
Save point 646 completed
Save point 647 completed
Save point 648 completed
Save point 649 completed
Save point 650 completed
Save point 651 completed
Save point 652 completed
Save point 653 completed
Save point 654 completed
Save point 655 completed
Save point 656 completed
Save point 657 completed
Save point 658 completed
Save point 659 completed
Save point 660 completed
Save point 661 completed
Save point 662 completed
Save point 663 completed
Save point 664 completed
Save point 665 completed
Save point 666 completed
Save point 667 completed
Save point 668 completed
Save point 669 completed
Save point 670 completed
Save point 671 completed
Save point 672 completed
Save point 673 completed
Save point 674 completed
Save point 675 completed
Save point 676 completed
Save point 677 completed
Save point 678 completed
Save point 679 completed
Save point 680 completed
Save point 681 completed
Save point 682 completed
Save point 683 completed
Save point 684 completed
Save point 685 completed
Save point 686 completed
Save point 687 completed
Save point 688 completed
Save point 689 completed
Save point 690 completed
Save point 691 completed
Save point 692 completed
Save point 693 completed
Save point 694 completed
Save point 695 completed
Save point 696 completed
Save point 697 completed
Save point 698 completed
Save point 699 completed
Save point 700 completed
Save point 701 completed
Save point 702 completed
Save point 703 completed
Save point 704 completed
Save point 705 completed
Save point 706 completed
Save point 707 completed
Save point 708 completed
Save point 709 completed
Save point 710 completed
Save point 711 completed
Save point 712 completed
Save point 713 completed
Save point 714 completed
Save point 715 completed
Save point 716 completed
Save point 717 completed
Save point 718 completed
Save point 719 completed
Save point 720 completed
Save point 721 completed
Save point 722 completed
Save point 723 completed
Save point 724 completed
Save point 725 completed
Save point 726 completed
Save point 727 completed
Save point 728 completed
Save point 729 completed
Save point 730 completed
Save point 731 completed
Save point 732 completed
Save point 733 completed
Save point 734 completed
Save point 735 completed
Save point 736 completed
Save point 737 completed
Save point 738 completed
Save point 739 completed
Save point 740 completed
Save point 741 completed
Save point 742 completed
Save point 743 completed
Save point 744 completed
Save point 745 completed
Save point 746 completed
Save point 747 completed
Save point 748 completed
Save point 749 completed
Save point 750 completed
Save point 751 completed
Save point 752 completed
Save point 753 completed
Save point 754 completed
Save point 755 completed
Save point 756 completed
Save point 757 completed
Save point 758 completed
Save point 759 completed
Save point 760 completed
Save point 761 completed
Save point 762 completed
Save point 763 completed
Save point 764 completed
Save point 765 completed
Save point 766 completed
Save point 767 completed
Save point 768 completed
Save point 769 completed
Save point 770 completed
Save point 771 completed
Save point 772 completed
Save point 773 completed
Save point 774 completed
Save point 775 completed
Save point 776 completed
Save point 777 completed
Save point 778 completed
Save point 779 completed
Save point 780 completed
Save point 781 completed
Save point 782 completed
Save point 783 completed
Save point 784 completed
Save point 785 completed
Save point 786 completed
Save point 787 completed
Save point 788 completed
Save point 789 completed
Save point 790 completed
Save point 791 completed
Save point 792 completed
Save point 793 completed
Save point 794 completed
Save point 795 completed
Save point 796 completed
Save point 797 completed
Save point 798 completed
Save point 799 completed
Save point 800 completed
Save point 801 completed
Save point 802 completed
Save point 803 completed
Save point 804 completed
Save point 805 completed
Save point 806 completed
Save point 807 completed
Save point 808 completed
Save point 809 completed
Save point 810 completed
Save point 811 completed
Save point 812 completed
Save point 813 completed
Save point 814 completed
Save point 815 completed
Save point 816 completed
Save point 817 completed
Save point 818 completed
Save point 819 completed
Save point 820 completed
Save point 821 completed
Save point 822 completed
Save point 823 completed
Save point 824 completed
Save point 825 completed
Save point 826 completed
Save point 827 completed
Save point 828 completed
Save point 829 completed
Save point 830 completed
Save point 831 completed
Save point 832 completed
Save point 833 completed
Save point 834 completed
Save point 835 completed
Save point 836 completed
Save point 837 completed
Save point 838 completed
Save point 839 completed
Save point 840 completed
Save point 841 completed
Save point 842 completed
Save point 843 completed
Save point 844 completed
Save point 845 completed
Save point 846 completed
Save point 847 completed
Save point 848 completed
Save point 849 completed
Save point 850 completed
Save point 851 completed
Save point 852 completed
Save point 853 completed
Save point 854 completed
Save point 855 completed
Save point 856 completed
Save point 857 completed
Save point 858 completed
Save point 859 completed
Save point 860 completed
Save point 861 completed
Save point 862 completed
Save point 863 completed
Save point 864 completed
Save point 865 completed
Save point 866 completed
Save point 867 completed
Save point 868 completed
Save point 869 completed
Save point 870 completed
Save point 871 completed
Save point 872 completed
Save point 873 completed
Save point 874 completed
Save point 875 completed
Save point 876 completed
Save point 877 completed
Save point 878 completed
Save point 879 completed
Save point 880 completed
Save point 881 completed
Save point 882 completed
Save point 883 completed
Save point 884 completed
Save point 885 completed
Save point 886 completed
Save point 887 completed
Save point 888 completed
Save point 889 completed
Save point 890 completed
Save point 891 completed
Save point 892 completed
Save point 893 completed
Save point 894 completed
Save point 895 completed
Save point 896 completed
Save point 897 completed
Save point 898 completed
Save point 899 completed
Save point 900 completed
Save point 901 completed
Save point 902 completed
Save point 903 completed
Save point 904 completed
Save point 905 completed
Save point 906 completed
Save point 907 completed
Save point 908 completed
Save point 909 completed
Save point 910 completed
Save point 911 completed
Save point 912 completed
Save point 913 completed
Save point 914 completed
Save point 915 completed
Save point 916 completed
Save point 917 completed
Save point 918 completed
Save point 919 completed
Save point 920 completed
Save point 921 completed
Save point 922 completed
Save point 923 completed
Save point 924 completed
Save point 925 completed
Save point 926 completed
Save point 927 completed
Save point 928 completed
Save point 929 completed
Save point 930 completed
Save point 931 completed
Save point 932 completed
Save point 933 completed
Save point 934 completed
Save point 935 completed
Save point 936 completed
Save point 937 completed
Save point 938 completed
Save point 939 completed
Save point 940 completed
Save point 941 completed
Save point 942 completed
Save point 943 completed
Save point 944 completed
Save point 945 completed
Save point 946 completed
Save point 947 completed
Save point 948 completed
Save point 949 completed
Save point 950 completed
Save point 951 completed
Save point 952 completed
Save point 953 completed
Save point 954 completed
Save point 955 completed
Save point 956 completed
Save point 957 completed
Save point 958 completed
Save point 959 completed
Save point 960 completed
Save point 961 completed
Save point 962 completed
Save point 963 completed
Save point 964 completed
Save point 965 completed
Save point 966 completed
Save point 967 completed
Save point 968 completed
Save point 969 completed
Save point 970 completed
Save point 971 completed
Save point 972 completed
Save point 973 completed
Save point 974 completed
Save point 975 completed
Save point 976 completed
Save point 977 completed
Save point 978 completed
Save point 979 completed
Save point 980 completed
Save point 981 completed
Save point 982 completed
Save point 983 completed
Save point 984 completed
Save point 985 completed
Save point 986 completed
Save point 987 completed
Save point 988 completed
Save point 989 completed
Save point 990 completed
Save point 991 completed
Save point 992 completed
Save point 993 completed
Save point 994 completed
Save point 995 completed
Save point 996 completed
Save point 997 completed
Save point 998 completed
Save point 999 completed
update log path output/sim_22
Simulation Runtime (in seconds):  159452.42
Job complete
